[Sun Jan 06 20:31:48.982528 2019] [ssl:warn] [pid 3396:tid 364] AH01909: www.example.com:443:0 server certificate does NOT include an ID which matches the server name
[Sun Jan 06 20:31:49.310658 2019] [ssl:warn] [pid 3396:tid 364] AH01909: www.example.com:443:0 server certificate does NOT include an ID which matches the server name
[Sun Jan 06 20:31:49.654415 2019] [mpm_winnt:notice] [pid 3396:tid 364] AH00455: Apache/2.4.37 (Win32) OpenSSL/1.1.1a PHP/7.3.0 configured -- resuming normal operations
[Sun Jan 06 20:31:49.654415 2019] [mpm_winnt:notice] [pid 3396:tid 364] AH00456: Apache Lounge VC15 Server built: Nov 21 2018 11:27:36
[Sun Jan 06 20:31:49.654415 2019] [core:notice] [pid 3396:tid 364] AH00094: Command line: 'C:\\xampp\\apache\\bin\\httpd.exe -d C:/xampp/apache'
[Sun Jan 06 20:31:49.701288 2019] [mpm_winnt:notice] [pid 3396:tid 364] AH00418: Parent: Created child process 7636
[Sun Jan 06 20:31:52.076317 2019] [ssl:warn] [pid 7636:tid 432] AH01909: www.example.com:443:0 server certificate does NOT include an ID which matches the server name
[Sun Jan 06 20:31:52.232577 2019] [ssl:warn] [pid 7636:tid 432] AH01909: www.example.com:443:0 server certificate does NOT include an ID which matches the server name
[Sun Jan 06 20:31:52.388822 2019] [mpm_winnt:notice] [pid 7636:tid 432] AH00354: Child: Starting 150 worker threads.
[Sun Jan 06 21:00:43.092843 2019] [ssl:warn] [pid 5728:tid 380] AH01909: www.example.com:443:0 server certificate does NOT include an ID which matches the server name
[Sun Jan 06 21:00:43.295964 2019] [ssl:warn] [pid 5728:tid 380] AH01909: www.example.com:443:0 server certificate does NOT include an ID which matches the server name
[Sun Jan 06 21:00:44.577230 2019] [mpm_winnt:notice] [pid 5728:tid 380] AH00455: Apache/2.4.37 (Win32) OpenSSL/1.1.1a PHP/7.3.0 configured -- resuming normal operations
[Sun Jan 06 21:00:44.577230 2019] [mpm_winnt:notice] [pid 5728:tid 380] AH00456: Apache Lounge VC15 Server built: Nov 21 2018 11:27:36
[Sun Jan 06 21:00:44.577230 2019] [core:notice] [pid 5728:tid 380] AH00094: Command line: 'c:\\xampp\\apache\\bin\\httpd.exe -d C:/xampp/apache'
[Sun Jan 06 21:00:44.577230 2019] [mpm_winnt:notice] [pid 5728:tid 380] AH00418: Parent: Created child process 7032
[Sun Jan 06 21:00:47.358517 2019] [ssl:warn] [pid 7032:tid 392] AH01909: www.example.com:443:0 server certificate does NOT include an ID which matches the server name
[Sun Jan 06 21:00:47.577269 2019] [ssl:warn] [pid 7032:tid 392] AH01909: www.example.com:443:0 server certificate does NOT include an ID which matches the server name
[Sun Jan 06 21:00:47.764780 2019] [mpm_winnt:notice] [pid 7032:tid 392] AH00354: Child: Starting 150 worker threads.
[Sun Jan 06 21:05:40.456431 2019] [php7:notice] [pid 7032:tid 1668] [client ::1:50031] WordPress database error Unknown column 'wp_' in 'field list' for query SELECT wp_, referer: http://localhost/babythedude/wp-admin/setup-config.php?step=1
[Sun Jan 06 21:13:32.124885 2019] [ssl:warn] [pid 7440:tid 460] AH01909: www.example.com:443:0 server certificate does NOT include an ID which matches the server name
[Sun Jan 06 21:13:32.312433 2019] [core:warn] [pid 7440:tid 460] AH00098: pid file C:/xampp/apache/logs/httpd.pid overwritten -- Unclean shutdown of previous Apache run?
[Sun Jan 06 21:13:32.343642 2019] [ssl:warn] [pid 7440:tid 460] AH01909: www.example.com:443:0 server certificate does NOT include an ID which matches the server name
[Sun Jan 06 21:13:32.484258 2019] [mpm_winnt:notice] [pid 7440:tid 460] AH00455: Apache/2.4.37 (Win32) OpenSSL/1.1.1a PHP/7.3.0 configured -- resuming normal operations
[Sun Jan 06 21:13:32.484258 2019] [mpm_winnt:notice] [pid 7440:tid 460] AH00456: Apache Lounge VC15 Server built: Nov 21 2018 11:27:36
[Sun Jan 06 21:13:32.484258 2019] [core:notice] [pid 7440:tid 460] AH00094: Command line: 'c:\\xampp\\apache\\bin\\httpd.exe -d C:/xampp/apache'
[Sun Jan 06 21:13:32.484258 2019] [mpm_winnt:notice] [pid 7440:tid 460] AH00418: Parent: Created child process 5268
[Sun Jan 06 21:13:36.069248 2019] [ssl:warn] [pid 5268:tid 512] AH01909: www.example.com:443:0 server certificate does NOT include an ID which matches the server name
[Sun Jan 06 21:13:36.288005 2019] [ssl:warn] [pid 5268:tid 512] AH01909: www.example.com:443:0 server certificate does NOT include an ID which matches the server name
[Sun Jan 06 21:13:36.459912 2019] [mpm_winnt:notice] [pid 5268:tid 512] AH00354: Child: Starting 150 worker threads.
